[0224/125247:INFO:CONSOLE(21)] "Uncaught SyntaxError: Unexpected token ;", source: about:docKey-434498 (21)
[0224/125255:INFO:CONSOLE(21)] "Uncaught SyntaxError: Unexpected identifier", source: about:docKey-434499 (21)
[0224/125257:INFO:CONSOLE(21)] "Uncaught SyntaxError: Unexpected identifier", source: about:docKey-434500 (21)
[0224/125258:INFO:CONSOLE(21)] "Uncaught SyntaxError: Unexpected token ;", source: about:docKey-434501 (21)
[0224/125301:INFO:CONSOLE(20)] "Uncaught SyntaxError: Unexpected token ILLEGAL", source: about:docKey-434502 (20)
[0224/125301:INFO:CONSOLE(20)] "Uncaught SyntaxError: Unexpected token ILLEGAL", source: about:docKey-434503 (20)
[0224/125302:INFO:CONSOLE(20)] "Uncaught SyntaxError: Unexpected token ILLEGAL", source: about:docKey-434504 (20)
[0224/125304:INFO:CONSOLE(21)] "Uncaught SyntaxError: Unexpected identifier", source: about:docKey-434505 (21)
[0224/125304:INFO:CONSOLE(21)] "Uncaught SyntaxError: Unexpected token ;", source: about:docKey-434506 (21)
[0224/125308:INFO:CONSOLE(21)] "Uncaught SyntaxError: Unexpected identifier", source: about:docKey-434507 (21)
[0224/125309:INFO:CONSOLE(21)] "Uncaught SyntaxError: Unexpected identifier", source: about:docKey-434508 (21)
[0224/125309:INFO:CONSOLE(21)] "Uncaught SyntaxError: Unexpected identifier", source: about:docKey-434509 (21)
[0224/125310:INFO:CONSOLE(21)] "Uncaught SyntaxError: Unexpected identifier", source: about:docKey-434510 (21)
[0224/125656:INFO:CONSOLE(24)] "Uncaught SyntaxError: Invalid regular expression: missing /", source: about:docKey-434526 (24)
[0224/125656:INFO:CONSOLE(24)] "Uncaught SyntaxError: Unexpected token ILLEGAL", source: about:docKey-434527 (24)
[0224/125659:INFO:CONSOLE(3)] "Uncaught SyntaxError: Unexpected token *", source: about:docKey-434528 (3)
[0224/125704:INFO:CONSOLE(3)] "Uncaught SyntaxError: Unexpected token *", source: about:docKey-434529 (3)
[0224/125705:INFO:CONSOLE(3)] "Uncaught SyntaxError: Unexpected token *", source: about:docKey-434530 (3)
[0224/125706:INFO:CONSOLE(40)] "Uncaught SyntaxError: Unexpected token *", source: about:docKey-434531 (40)
[0224/125709:INFO:CONSOLE(3)] "Uncaught SyntaxError: Invalid regular expression: missing /", source: about:docKey-434532 (3)
[0224/125759:INFO:CONSOLE(24)] "Uncaught SyntaxError: Unexpected token *", source: about:docKey-434536 (24)
[0224/125845:INFO:CONSOLE(3)] "Uncaught SyntaxError: Invalid regular expression: missing /", source: about:docKey-434544 (3)
[0224/125847:INFO:CONSOLE(3)] "Uncaught SyntaxError: Unexpected token ILLEGAL", source: about:docKey-434545 (3)
[0224/125927:INFO:CONSOLE(20)] "Uncaught SyntaxError: Unexpected token ILLEGAL", source: about:docKey-434553 (20)
[0224/125929:INFO:CONSOLE(20)] "Uncaught SyntaxError: Unexpected token ILLEGAL", source: about:docKey-434554 (20)
[0224/125930:INFO:CONSOLE(20)] "Uncaught SyntaxError: Unexpected token ILLEGAL", source: about:docKey-434555 (20)
[0224/125930:INFO:CONSOLE(20)] "Uncaught SyntaxError: Unexpected token ILLEGAL", source: about:docKey-434556 (20)
[0224/125931:INFO:CONSOLE(21)] "Uncaught SyntaxError: Unexpected identifier", source: about:docKey-434557 (21)
[0224/125931:INFO:CONSOLE(21)] "Uncaught SyntaxError: Unexpected token ;", source: about:docKey-434558 (21)
[0224/125932:INFO:CONSOLE(21)] "Uncaught SyntaxError: Unexpected token ;", source: about:docKey-434559 (21)
[0224/125933:INFO:CONSOLE(21)] "Uncaught SyntaxError: Unexpected identifier", source: about:docKey-434560 (21)
[0224/125934:INFO:CONSOLE(21)] "Uncaught SyntaxError: Unexpected identifier", source: about:docKey-434561 (21)
[0224/130216:INFO:CONSOLE(3)] "Uncaught SyntaxError: Unexpected token ILLEGAL", source: about:docKey-434581 (3)
[0224/130227:INFO:CONSOLE(13)] "Uncaught SyntaxError: Unexpected token ;", source: about:docKey-434585 (13)
[0224/130227:INFO:CONSOLE(10)] "Uncaught SyntaxError: Unexpected token ILLEGAL", source: about:docKey-434586 (10)
[0224/130228:INFO:CONSOLE(10)] "Uncaught SyntaxError: Unexpected token ILLEGAL", source: about:docKey-434587 (10)
[0224/130230:INFO:CONSOLE(13)] "Uncaught SyntaxError: Unexpected identifier", source: about:docKey-434588 (13)
[0224/130230:INFO:CONSOLE(13)] "Uncaught SyntaxError: Unexpected token ;", source: about:docKey-434589 (13)
[0224/130233:INFO:CONSOLE(13)] "Uncaught SyntaxError: Unexpected identifier", source: about:docKey-434590 (13)
[0224/130233:INFO:CONSOLE(13)] "Uncaught SyntaxError: Unexpected identifier", source: about:docKey-434591 (13)
[0224/130233:INFO:CONSOLE(13)] "Uncaught SyntaxError: Unexpected identifier", source: about:docKey-434592 (13)
[0224/130254:INFO:CONSOLE(10)] "Uncaught SyntaxError: Unexpected token )", source: about:docKey-434599 (10)
[0224/130535:INFO:CONSOLE(20)] "Uncaught SyntaxError: Unexpected token ;", source: about:docKey-434611 (20)
[0224/130540:INFO:CONSOLE(20)] "Uncaught SyntaxError: Unexpected token .", source: about:docKey-434612 (20)
[0224/130540:INFO:CONSOLE(20)] "Uncaught SyntaxError: Unexpected token ;", source: about:docKey-434613 (20)
[0224/130541:INFO:CONSOLE(19)] "Uncaught SyntaxError: Unexpected token ILLEGAL", source: about:docKey-434614 (19)
[0224/130543:INFO:CONSOLE(19)] "Uncaught SyntaxError: Unexpected token :", source: about:docKey-434615 (19)
[0224/130543:INFO:CONSOLE(20)] "Uncaught SyntaxError: Unexpected token this", source: about:docKey-434616 (20)
[0224/130544:INFO:CONSOLE(19)] "Uncaught SyntaxError: Unexpected token ILLEGAL", source: about:docKey-434617 (19)
[0224/130545:INFO:CONSOLE(20)] "Uncaught SyntaxError: Unexpected token this", source: about:docKey-434618 (20)
[0224/130545:INFO:CONSOLE(19)] "Uncaught SyntaxError: Unexpected token ;", source: about:docKey-434619 (19)
[0224/130546:INFO:CONSOLE(20)] "Uncaught SyntaxError: Unexpected token this", source: about:docKey-434620 (20)
[0224/130547:INFO:CONSOLE(19)] "Uncaught SyntaxError: Unexpected token :", source: about:docKey-434621 (19)
[0224/130610:INFO:CONSOLE(58)] "Uncaught SyntaxError: Unexpected token :", source: about:docKey-434622 (58)
[0224/130611:INFO:CONSOLE(19)] "Uncaught SyntaxError: Unexpected token :", source: about:docKey-434623 (19)
[0224/130611:INFO:CONSOLE(19)] "Uncaught SyntaxError: Unexpected token :", source: about:docKey-434624 (19)
[0224/130612:INFO:CONSOLE(19)] "Uncaught SyntaxError: Unexpected token :", source: about:docKey-434625 (19)
[0224/130613:INFO:CONSOLE(19)] "Uncaught SyntaxError: Unexpected token :", source: about:docKey-434626 (19)
[0224/130615:INFO:CONSOLE(19)] "Uncaught SyntaxError: Unexpected token :", source: about:docKey-434627 (19)
[0224/130616:INFO:CONSOLE(19)] "Uncaught SyntaxError: Unexpected token :", source: about:docKey-434628 (19)
[0224/130617:INFO:CONSOLE(19)] "Uncaught SyntaxError: Unexpected token :", source: about:docKey-434629 (19)
[0224/130618:INFO:CONSOLE(19)] "Uncaught SyntaxError: Unexpected token :", source: about:docKey-434630 (19)
[0224/130620:INFO:CONSOLE(58)] "Uncaught SyntaxError: Unexpected token :", source: about:docKey-434631 (58)
[0224/130628:INFO:CONSOLE(20)] "Uncaught SyntaxError: Unexpected token :", source: about:docKey-434632 (20)
[0224/130632:INFO:CONSOLE(17)] "Uncaught SyntaxError: Unexpected token :", source: about:docKey-434633 (17)
[0224/130633:INFO:CONSOLE(17)] "Uncaught SyntaxError: Unexpected token :", source: about:docKey-434634 (17)
[0224/130634:INFO:CONSOLE(17)] "Uncaught SyntaxError: Unexpected token :", source: about:docKey-434635 (17)
[0224/130635:INFO:CONSOLE(56)] "Uncaught SyntaxError: Unexpected token :", source: about:docKey-434636 (56)
[0224/132620:INFO:CONSOLE(21)] "Uncaught SyntaxError: Unexpected token ;", source: about:docKey-434645 (21)
[0224/132636:INFO:CONSOLE(21)] "Uncaught SyntaxError: Unexpected token )", source: about:docKey-434650 (21)
[0224/132922:INFO:CONSOLE(20)] "Uncaught SyntaxError: Unexpected token ?", source: about:docKey-434672 (20)
[0224/133244:INFO:CONSOLE(20)] "Uncaught SyntaxError: Invalid regular expression: missing /", source: about:docKey-434687 (20)
[0224/133245:INFO:CONSOLE(20)] "Uncaught SyntaxError: Unexpected token ILLEGAL", source: about:docKey-434688 (20)
[0224/133250:INFO:CONSOLE(29)] "Uncaught SyntaxError: Unexpected token }", source: about:docKey-434692 (29)
[0224/133358:INFO:CONSOLE(66)] "Uncaught SyntaxError: Unexpected token }", source: about:docKey-434693 (66)
[0224/133400:INFO:CONSOLE(28)] "Uncaught SyntaxError: Unexpected identifier", source: about:docKey-434694 (28)
[0224/133410:INFO:CONSOLE(27)] "Uncaught SyntaxError: Unexpected token .", source: about:docKey-434695 (27)
[0224/133635:INFO:CONSOLE(32)] "Uncaught SyntaxError: Unexpected token ;", source: about:docKey-434721 (32)
[0224/133636:INFO:CONSOLE(31)] "Uncaught SyntaxError: Unexpected token ILLEGAL", source: about:docKey-434722 (31)
[0224/133641:INFO:CONSOLE(32)] "Uncaught SyntaxError: Unexpected token ;", source: about:docKey-434723 (32)
[0224/133642:INFO:CONSOLE(32)] "Uncaught SyntaxError: Unexpected identifier", source: about:docKey-434724 (32)
[0224/133803:INFO:CONSOLE(29)] "Uncaught SyntaxError: Unexpected token }", source: about:docKey-434739 (29)
[0224/134355:INFO:CONSOLE(32)] "Uncaught SyntaxError: Unexpected token ;", source: about:docKey-434776 (32)
[0224/134357:INFO:CONSOLE(32)] "Uncaught SyntaxError: Unexpected identifier", source: about:docKey-434777 (32)
[0224/134358:INFO:CONSOLE(32)] "Uncaught SyntaxError: Unexpected token ;", source: about:docKey-434778 (32)
[0224/134400:INFO:CONSOLE(36)] "Uncaught SyntaxError: Unexpected token )", source: about:docKey-434779 (36)
[0224/134403:INFO:CONSOLE(36)] "Uncaught SyntaxError: Unexpected token )", source: about:docKey-434780 (36)
[0224/134408:INFO:CONSOLE(36)] "Uncaught SyntaxError: Unexpected token )", source: about:docKey-434781 (36)
[0224/134410:INFO:CONSOLE(36)] "Uncaught SyntaxError: Unexpected token )", source: about:docKey-434782 (36)
[0224/134415:INFO:CONSOLE(34)] "Uncaught SyntaxError: Unexpected number", source: about:docKey-434786 (34)
[0224/134534:INFO:CONSOLE(33)] "Uncaught SyntaxError: Unexpected token if", source: about:docKey-434802 (33)
[0224/134539:INFO:CONSOLE(33)] "Uncaught SyntaxError: Unexpected token if", source: about:docKey-434805 (33)
[0224/134547:INFO:CONSOLE(33)] "Uncaught SyntaxError: Unexpected token if", source: about:docKey-434810 (33)
[0224/134548:INFO:CONSOLE(33)] "Uncaught SyntaxError: Unexpected token if", source: about:docKey-434811 (33)
[0224/134558:INFO:CONSOLE(33)] "Uncaught SyntaxError: Unexpected token if", source: about:docKey-434815 (33)
[0224/134605:INFO:CONSOLE(34)] "Uncaught SyntaxError: Unexpected token if", source: about:docKey-434818 (34)
[0224/134607:INFO:CONSOLE(34)] "Uncaught SyntaxError: Unexpected token if", source: about:docKey-434819 (34)
[0224/134608:INFO:CONSOLE(34)] "Uncaught SyntaxError: Unexpected token if", source: about:docKey-434820 (34)
[0224/134611:INFO:CONSOLE(35)] "Uncaught SyntaxError: Unexpected token if", source: about:docKey-434823 (35)
[0224/134614:INFO:CONSOLE(35)] "Uncaught SyntaxError: Unexpected token if", source: about:docKey-434825 (35)
[0224/134618:INFO:CONSOLE(33)] "Uncaught SyntaxError: Unexpected token ILLEGAL", source: about:docKey-434827 (33)
[0224/134645:INFO:CONSOLE(35)] "Uncaught SyntaxError: Unexpected token {", source: about:docKey-434830 (35)
[0224/134655:INFO:CONSOLE(35)] "Uncaught SyntaxError: Unexpected token {", source: about:docKey-434831 (35)
[0224/134657:INFO:CONSOLE(35)] "Uncaught SyntaxError: Unexpected token {", source: about:docKey-434832 (35)
[0224/134657:INFO:CONSOLE(35)] "Uncaught SyntaxError: Unexpected token {", source: about:docKey-434833 (35)
[0224/134658:INFO:CONSOLE(35)] "Uncaught SyntaxError: Unexpected token {", source: about:docKey-434834 (35)
[0224/134659:INFO:CONSOLE(35)] "Uncaught SyntaxError: Unexpected token {", source: about:docKey-434835 (35)
[0224/134708:INFO:CONSOLE(35)] "Uncaught SyntaxError: Unexpected token )", source: about:docKey-434838 (35)
[0224/134721:INFO:CONSOLE(35)] "Uncaught SyntaxError: Unexpected token )", source: about:docKey-434839 (35)
[0224/134722:INFO:CONSOLE(35)] "Uncaught SyntaxError: Unexpected token )", source: about:docKey-434840 (35)
[0224/134723:INFO:CONSOLE(35)] "Uncaught SyntaxError: Unexpected token )", source: about:docKey-434841 (35)
[0224/134729:INFO:CONSOLE(35)] "Uncaught SyntaxError: Unexpected token )", source: about:docKey-434842 (35)
[0224/134730:INFO:CONSOLE(35)] "Uncaught SyntaxError: Unexpected token )", source: about:docKey-434843 (35)
[0224/134733:INFO:CONSOLE(35)] "Uncaught SyntaxError: Unexpected token )", source: about:docKey-434845 (35)
[0224/134910:INFO:CONSOLE(40)] "Uncaught SyntaxError: Unexpected token ILLEGAL", source: about:docKey-434861 (40)
[0224/135126:INFO:CONSOLE(29)] "Uncaught SyntaxError: Unexpected token (", source: about:docKey-434882 (29)
[0224/135149:INFO:CONSOLE(34)] "Uncaught SyntaxError: Unexpected token var", source: about:docKey-434891 (34)
[0224/135149:INFO:CONSOLE(34)] "Uncaught SyntaxError: Unexpected token var", source: about:docKey-434892 (34)
[0224/135151:INFO:CONSOLE(34)] "Uncaught SyntaxError: Unexpected token var", source: about:docKey-434893 (34)
[0224/135152:INFO:CONSOLE(34)] "Uncaught SyntaxError: Unexpected token var", source: about:docKey-434894 (34)
[0224/135153:INFO:CONSOLE(34)] "Uncaught SyntaxError: Unexpected token var", source: about:docKey-434895 (34)
[0224/135154:INFO:CONSOLE(34)] "Uncaught SyntaxError: Unexpected token var", source: about:docKey-434896 (34)
[0224/135155:INFO:CONSOLE(34)] "Uncaught SyntaxError: Unexpected token var", source: about:docKey-434897 (34)
[0224/135156:INFO:CONSOLE(34)] "Uncaught SyntaxError: Unexpected token var", source: about:docKey-434898 (34)
[0224/135156:INFO:CONSOLE(43)] "Uncaught SyntaxError: Unexpected token )", source: about:docKey-434899 (43)
[0224/135200:INFO:CONSOLE(35)] "Uncaught SyntaxError: Unexpected token }", source: about:docKey-434903 (35)
[0224/135201:INFO:CONSOLE(35)] "Uncaught SyntaxError: Unexpected token }", source: about:docKey-434904 (35)
[0224/135201:INFO:CONSOLE(35)] "Uncaught SyntaxError: Unexpected token }", source: about:docKey-434905 (35)
[0224/135350:INFO:CONSOLE(39)] "Uncaught SyntaxError: Unexpected token )", source: about:docKey-434917 (39)
[0224/135351:INFO:CONSOLE(39)] "Uncaught SyntaxError: Unexpected token )", source: about:docKey-434918 (39)
[0224/135352:INFO:CONSOLE(39)] "Uncaught SyntaxError: Unexpected token ;", source: about:docKey-434919 (39)
[0224/135353:INFO:CONSOLE(39)] "Uncaught SyntaxError: Unexpected token )", source: about:docKey-434920 (39)
[0224/135354:INFO:CONSOLE(39)] "Uncaught SyntaxError: Unexpected token )", source: about:docKey-434921 (39)
[0224/135401:INFO:CONSOLE(41)] "Uncaught SyntaxError: Unexpected token }", source: about:docKey-434925 (41)
[0224/142014:FATAL:url_request_context.cc(121)] Check failed: false. Leaked 1 URLRequest(s). First URL: http://wpad/wpad.dat.
